<?xml version="1.0" encoding="UTF-8"?>
<!-- Generated by org.testng.reporters.JUnitReportReporter -->
<testsuite skipped="0" hostname="LAPTOP-F1V129N6" name="com.crm.OrgTest.OrganizationTest" tests="2" failures="0" timestamp="2022-02-25T02:10:12 IST" time="0.035" errors="0">
  <testcase name="createorgTest" time="0.030" classname="com.crm.OrgTest.OrganizationTest"/>
  <system-out/>
  <testcase name="modifyorgTest" time="0.005" classname="com.crm.OrgTest.OrganizationTest"/>
  <system-out/>
</testsuite> <!-- com.crm.OrgTest.OrganizationTest -->
