<?xml version="1.0" encoding="UTF-8"?>
<!-- Generated by org.testng.reporters.JUnitReportReporter -->
<testsuite skipped="0" hostname="LAPTOP-F1V129N6" name="com.crm.ContactTest.ContactTest" tests="2" failures="0" timestamp="2022-02-27T11:48:51 IST" time="0.172" errors="0">
  <testcase name="createContactTest" time="0.030" classname="com.crm.ContactTest.ContactTest"/>
  <system-out/>
  <testcase name="modifyContactTest" time="0.142" classname="com.crm.ContactTest.ContactTest"/>
  <system-out/>
</testsuite> <!-- com.crm.ContactTest.ContactTest -->
