<?xml version="1.0" encoding="UTF-8"?>
<!-- Generated by org.testng.reporters.JUnitReportReporter -->
<testsuite skipped="0" hostname="LAPTOP-F1V129N6" name="com.crm.ContactTest.ContactTest" tests="2" failures="0" timestamp="20 Feb 2022 06:01:31 GMT" time="0.064" errors="0">
  <testcase name="modifyContactTest" time="0.001" classname="com.crm.ContactTest.ContactTest"/>
  <testcase name="createContactTest" time="0.063" classname="com.crm.ContactTest.ContactTest"/>
</testsuite> <!-- com.crm.ContactTest.ContactTest -->
